build/app/intermediates/manifest_merge_blame_file/debug/manifest-merger-blame-debug-report.txt
1<?xml version="1.0" encoding="utf-8"?>
2<manifest xmlns:android="http://schemas.android.com/apk/res/android"
3    package="SSP01.student_kids"
4    android:versionCode="1"
5    android:versionName="1.0.0" >
6
7    <uses-sdk
8        android:minSdkVersion="21"
9        android:targetSdkVersion="31" />
10    <!--
11         The INTERNET permission is required for development. Specifically,
12         the Flutter tool needs it to communicate with the running application
13         to allow setting breakpoints, to provide hot reload, etc.
14    -->
15    <uses-permission android:name="android.permission.INTERNET" />
15-->src\debug\AndroidManifest.xml:7:5-66
15-->src\debug\AndroidManifest.xml:7:22-64
16
17    <queries>
17-->[:flutter_inappwebview] AndroidManifest.xml:9:5-13:15
18        <intent>
18-->[:flutter_inappwebview] AndroidManifest.xml:10:9-12:18
19            <action android:name="android.support.customtabs.action.CustomTabsService" />
19-->[:flutter_inappwebview] AndroidManifest.xml:11:13-90
19-->[:flutter_inappwebview] AndroidManifest.xml:11:21-87
20        </intent>
21
22        <package android:name="com.facebook.katana" />
22-->[com.facebook.android:facebook-common:14.1.1] AndroidManifest.xml:30:9-55
22-->[com.facebook.android:facebook-common:14.1.1] AndroidManifest.xml:30:18-52
23    </queries>
24
25    <uses-permission android:name="android.permission.ACCESS_NETWORK_STATE" />
25-->[com.google.firebase:firebase-auth:22.1.2] AndroidManifest.xml:26:5-79
25-->[com.google.firebase:firebase-auth:22.1.2] AndroidManifest.xml:26:22-76
26    <uses-permission android:name="com.google.android.gms.permission.AD_ID" />
26-->[com.facebook.android:facebook-core:14.1.1] AndroidManifest.xml:28:5-79
26-->[com.facebook.android:facebook-core:14.1.1] AndroidManifest.xml:28:22-76
27    <uses-permission android:name="com.google.android.finsky.permission.BIND_GET_INSTALL_REFERRER_SERVICE" />
27-->[com.android.installreferrer:installreferrer:1.0] AndroidManifest.xml:9:5-110
27-->[com.android.installreferrer:installreferrer:1.0] AndroidManifest.xml:9:22-107
28
29    <application
30        android:name="android.app.Application"
31        android:appComponentFactory="androidx.core.app.CoreComponentFactory"
31-->[androidx.core:core:1.8.0] AndroidManifest.xml:24:18-86
32        android:debuggable="true"
33        android:icon="@mipmap/ic_launcher"
34        android:label="student_kids"
35        android:supportsRtl="true" >
35-->[com.facebook.android:facebook-login:14.1.1] AndroidManifest.xml:28:18-44
36        <activity
37            android:name="SSP01.student_kids.MainActivity"
38            android:configChanges="orientation|keyboardHidden|keyboard|screenSize|smallestScreenSize|locale|layoutDirection|fontScale|screenLayout|density|uiMode"
39            android:exported="true"
40            android:hardwareAccelerated="true"
41            android:launchMode="singleTop"
42            android:theme="@style/LaunchTheme"
43            android:windowSoftInputMode="adjustResize" >
44
45            <!--
46                 Specifies an Android theme to apply to this Activity as soon as
47                 the Android process has started. This theme is visible to the user
48                 while the Flutter UI initializes. After that, this theme continues
49                 to determine the Window background behind the Flutter UI.
50            -->
51            <meta-data
52                android:name="io.flutter.embedding.android.NormalTheme"
53                android:resource="@style/NormalTheme" />
54
55            <intent-filter>
56                <action android:name="android.intent.action.MAIN" />
57
58                <category android:name="android.intent.category.LAUNCHER" />
59            </intent-filter>
60        </activity>
61        <!--
62             Don't delete the meta-data below.
63             This is used by the Flutter tool to generate GeneratedPluginRegistrant.java
64        -->
65        <meta-data
66            android:name="flutterEmbedding"
67            android:value="2" />
68
69        <service
69-->[:firebase_database] AndroidManifest.xml:10:9-14:19
70            android:name="com.google.firebase.components.ComponentDiscoveryService"
70-->[:firebase_database] AndroidManifest.xml:10:18-89
71            android:directBootAware="true"
71-->[com.google.firebase:firebase-common:20.3.3] AndroidManifest.xml:34:13-43
72            android:exported="false" >
72-->[com.google.firebase:firebase-auth:22.1.2] AndroidManifest.xml:68:13-37
73            <meta-data
73-->[:firebase_database] AndroidManifest.xml:11:13-13:85
74                android:name="com.google.firebase.components:io.flutter.plugins.firebase.database.FlutterFirebaseAppRegistrar"
74-->[:firebase_database] AndroidManifest.xml:12:17-127
75                android:value="com.google.firebase.components.ComponentRegistrar" />
75-->[:firebase_database] AndroidManifest.xml:13:17-82
76            <meta-data
76-->[:cloud_firestore] AndroidManifest.xml:11:13-13:85
77                android:name="com.google.firebase.components:io.flutter.plugins.firebase.firestore.FlutterFirebaseFirestoreRegistrar"
77-->[:cloud_firestore] AndroidManifest.xml:12:17-134
78                android:value="com.google.firebase.components.ComponentRegistrar" />
78-->[:cloud_firestore] AndroidManifest.xml:13:17-82
79            <meta-data
79-->[:firebase_dynamic_links] AndroidManifest.xml:13:13-15:85
80                android:name="com.google.firebase.components:io.flutter.plugins.firebase.dynamiclinks.FlutterFirebaseAppRegistrar"
80-->[:firebase_dynamic_links] AndroidManifest.xml:14:17-131
81                android:value="com.google.firebase.components.ComponentRegistrar" />
81-->[:firebase_dynamic_links] AndroidManifest.xml:15:17-82
82            <meta-data
82-->[:firebase_auth] AndroidManifest.xml:11:13-13:85
83                android:name="com.google.firebase.components:io.flutter.plugins.firebase.auth.FlutterFirebaseAuthRegistrar"
83-->[:firebase_auth] AndroidManifest.xml:12:17-124
84                android:value="com.google.firebase.components.ComponentRegistrar" />
84-->[:firebase_auth] AndroidManifest.xml:13:17-82
85            <meta-data
85-->[:firebase_core] AndroidManifest.xml:11:13-13:85
86                android:name="com.google.firebase.components:io.flutter.plugins.firebase.core.FlutterFirebaseCoreRegistrar"
86-->[:firebase_core] AndroidManifest.xml:12:17-124
87                android:value="com.google.firebase.components.ComponentRegistrar" />
87-->[:firebase_core] AndroidManifest.xml:13:17-82
88            <meta-data
88-->[com.google.firebase:firebase-auth:22.1.2] AndroidManifest.xml:69:13-71:85
89                android:name="com.google.firebase.components:com.google.firebase.auth.FirebaseAuthRegistrar"
89-->[com.google.firebase:firebase-auth:22.1.2] AndroidManifest.xml:70:17-109
90                android:value="com.google.firebase.components.ComponentRegistrar" />
90-->[com.google.firebase:firebase-auth:22.1.2] AndroidManifest.xml:71:17-82
91            <meta-data
91-->[com.google.firebase:firebase-firestore:24.8.1] AndroidManifest.xml:17:13-19:85
92                android:name="com.google.firebase.components:com.google.firebase.firestore.FirestoreRegistrar"
92-->[com.google.firebase:firebase-firestore:24.8.1] AndroidManifest.xml:18:17-111
93                android:value="com.google.firebase.components.ComponentRegistrar" />
93-->[com.google.firebase:firebase-firestore:24.8.1] AndroidManifest.xml:19:17-82
94            <meta-data
94-->[com.google.firebase:firebase-dynamic-links:21.1.0] AndroidManifest.xml:26:13-28:85
95                android:name="com.google.firebase.components:com.google.firebase.dynamiclinks.internal.FirebaseDynamicLinkRegistrar"
95-->[com.google.firebase:firebase-dynamic-links:21.1.0] AndroidManifest.xml:27:17-133
96                android:value="com.google.firebase.components.ComponentRegistrar" />
96-->[com.google.firebase:firebase-dynamic-links:21.1.0] AndroidManifest.xml:28:17-82
97            <meta-data
97-->[com.google.firebase:firebase-database:20.2.2] AndroidManifest.xml:31:13-33:85
98                android:name="com.google.firebase.components:com.google.firebase.database.DatabaseRegistrar"
98-->[com.google.firebase:firebase-database:20.2.2] AndroidManifest.xml:32:17-109
99                android:value="com.google.firebase.components.ComponentRegistrar" />
99-->[com.google.firebase:firebase-database:20.2.2] AndroidManifest.xml:33:17-82
100        </service>
101
102        <activity
102-->[:flutter_inappwebview] AndroidManifest.xml:16:9-20:47
103            android:name="com.pichillilorenzo.flutter_inappwebview.in_app_browser.InAppBrowserActivity"
103-->[:flutter_inappwebview] AndroidManifest.xml:17:13-104
104            android:configChanges="orientation|keyboardHidden|keyboard|screenSize|locale|layoutDirection|fontScale|screenLayout|density"
104-->[:flutter_inappwebview] AndroidManifest.xml:18:13-137
105            android:exported="false"
105-->[:flutter_inappwebview] AndroidManifest.xml:19:13-37
106            android:theme="@style/AppTheme" />
106-->[:flutter_inappwebview] AndroidManifest.xml:20:13-44
107        <activity
107-->[:flutter_inappwebview] AndroidManifest.xml:21:9-24:55
108            android:name="com.pichillilorenzo.flutter_inappwebview.chrome_custom_tabs.ChromeCustomTabsActivity"
108-->[:flutter_inappwebview] AndroidManifest.xml:22:13-112
109            android:exported="false"
109-->[:flutter_inappwebview] AndroidManifest.xml:23:13-37
110            android:theme="@style/ThemeTransparent" />
110-->[:flutter_inappwebview] AndroidManifest.xml:24:13-52
111        <activity
111-->[:flutter_inappwebview] AndroidManifest.xml:25:9-28:55
112            android:name="com.pichillilorenzo.flutter_inappwebview.chrome_custom_tabs.TrustedWebActivity"
112-->[:flutter_inappwebview] AndroidManifest.xml:26:13-106
113            android:exported="false"
113-->[:flutter_inappwebview] AndroidManifest.xml:27:13-37
114            android:theme="@style/ThemeTransparent" />
114-->[:flutter_inappwebview] AndroidManifest.xml:28:13-52
115        <activity
115-->[:flutter_inappwebview] AndroidManifest.xml:29:9-33:55
116            android:name="com.pichillilorenzo.flutter_inappwebview.chrome_custom_tabs.ChromeCustomTabsActivitySingleInstance"
116-->[:flutter_inappwebview] AndroidManifest.xml:30:13-126
117            android:exported="false"
117-->[:flutter_inappwebview] AndroidManifest.xml:31:13-37
118            android:launchMode="singleInstance"
118-->[:flutter_inappwebview] AndroidManifest.xml:32:13-48
119            android:theme="@style/ThemeTransparent" />
119-->[:flutter_inappwebview] AndroidManifest.xml:33:13-52
120        <activity
120-->[:flutter_inappwebview] AndroidManifest.xml:34:9-38:55
121            android:name="com.pichillilorenzo.flutter_inappwebview.chrome_custom_tabs.TrustedWebActivitySingleInstance"
121-->[:flutter_inappwebview] AndroidManifest.xml:35:13-120
122            android:exported="false"
122-->[:flutter_inappwebview] AndroidManifest.xml:36:13-37
123            android:launchMode="singleInstance"
123-->[:flutter_inappwebview] AndroidManifest.xml:37:13-48
124            android:theme="@style/ThemeTransparent" />
124-->[:flutter_inappwebview] AndroidManifest.xml:38:13-52
125
126        <receiver
126-->[:flutter_inappwebview] AndroidManifest.xml:40:9-43:40
127            android:name="com.pichillilorenzo.flutter_inappwebview.chrome_custom_tabs.ActionBroadcastReceiver"
127-->[:flutter_inappwebview] AndroidManifest.xml:41:13-111
128            android:enabled="true"
128-->[:flutter_inappwebview] AndroidManifest.xml:42:13-35
129            android:exported="false" />
129-->[:flutter_inappwebview] AndroidManifest.xml:43:13-37
130
131        <meta-data
131-->[:flutter_inappwebview] AndroidManifest.xml:45:9-47:36
132            android:name="io.flutter.embedded_views_preview"
132-->[:flutter_inappwebview] AndroidManifest.xml:46:13-61
133            android:value="true" />
133-->[:flutter_inappwebview] AndroidManifest.xml:47:13-33
134
135        <activity android:name="com.maru.twitter_login.chrome_custom_tabs.ChromeCustomTabsActivity" />
135-->[:twitter_login] AndroidManifest.xml:16:9-103
135-->[:twitter_login] AndroidManifest.xml:16:19-100
136        <activity
136-->[com.google.firebase:firebase-auth:22.1.2] AndroidManifest.xml:29:9-46:20
137            android:name="com.google.firebase.auth.internal.GenericIdpActivity"
137-->[com.google.firebase:firebase-auth:22.1.2] AndroidManifest.xml:30:13-80
138            android:excludeFromRecents="true"
138-->[com.google.firebase:firebase-auth:22.1.2] AndroidManifest.xml:31:13-46
139            android:exported="true"
139-->[com.google.firebase:firebase-auth:22.1.2] AndroidManifest.xml:32:13-36
140            android:launchMode="singleTask"
140-->[com.google.firebase:firebase-auth:22.1.2] AndroidManifest.xml:33:13-44
141            android:theme="@android:style/Theme.Translucent.NoTitleBar" >
141-->[com.google.firebase:firebase-auth:22.1.2] AndroidManifest.xml:34:13-72
142            <intent-filter>
142-->[com.google.firebase:firebase-auth:22.1.2] AndroidManifest.xml:35:13-45:29
143                <action android:name="android.intent.action.VIEW" />
143-->[com.google.firebase:firebase-auth:22.1.2] AndroidManifest.xml:36:17-69
143-->[com.google.firebase:firebase-auth:22.1.2] AndroidManifest.xml:36:25-66
144
145                <category android:name="android.intent.category.DEFAULT" />
145-->[com.google.firebase:firebase-auth:22.1.2] AndroidManifest.xml:38:17-76
145-->[com.google.firebase:firebase-auth:22.1.2] AndroidManifest.xml:38:27-73
146                <category android:name="android.intent.category.BROWSABLE" />
146-->[com.google.firebase:firebase-auth:22.1.2] AndroidManifest.xml:39:17-78
146-->[com.google.firebase:firebase-auth:22.1.2] AndroidManifest.xml:39:27-75
147
148                <data
148-->[com.google.firebase:firebase-auth:22.1.2] AndroidManifest.xml:41:17-44:51
149                    android:host="firebase.auth"
149-->[com.google.firebase:firebase-auth:22.1.2] AndroidManifest.xml:42:21-49
150                    android:path="/"
150-->[com.google.firebase:firebase-auth:22.1.2] AndroidManifest.xml:43:21-37
151                    android:scheme="genericidp" />
151-->[com.google.firebase:firebase-auth:22.1.2] AndroidManifest.xml:44:21-48
152            </intent-filter>
153        </activity>
154        <activity
154-->[com.google.firebase:firebase-auth:22.1.2] AndroidManifest.xml:47:9-64:20
155            android:name="com.google.firebase.auth.internal.RecaptchaActivity"
155-->[com.google.firebase:firebase-auth:22.1.2] AndroidManifest.xml:48:13-79
156            android:excludeFromRecents="true"
156-->[com.google.firebase:firebase-auth:22.1.2] AndroidManifest.xml:49:13-46
157            android:exported="true"
157-->[com.google.firebase:firebase-auth:22.1.2] AndroidManifest.xml:50:13-36
158            android:launchMode="singleTask"
158-->[com.google.firebase:firebase-auth:22.1.2] AndroidManifest.xml:51:13-44
159            android:theme="@android:style/Theme.Translucent.NoTitleBar" >
159-->[com.google.firebase:firebase-auth:22.1.2] AndroidManifest.xml:52:13-72
160            <intent-filter>
160-->[com.google.firebase:firebase-auth:22.1.2] AndroidManifest.xml:53:13-63:29
161                <action android:name="android.intent.action.VIEW" />
161-->[com.google.firebase:firebase-auth:22.1.2] AndroidManifest.xml:36:17-69
161-->[com.google.firebase:firebase-auth:22.1.2] AndroidManifest.xml:36:25-66
162
163                <category android:name="android.intent.category.DEFAULT" />
163-->[com.google.firebase:firebase-auth:22.1.2] AndroidManifest.xml:38:17-76
163-->[com.google.firebase:firebase-auth:22.1.2] AndroidManifest.xml:38:27-73
164                <category android:name="android.intent.category.BROWSABLE" />
164-->[com.google.firebase:firebase-auth:22.1.2] AndroidManifest.xml:39:17-78
164-->[com.google.firebase:firebase-auth:22.1.2] AndroidManifest.xml:39:27-75
165
166                <data
166-->[com.google.firebase:firebase-auth:22.1.2] AndroidManifest.xml:41:17-44:51
167                    android:host="firebase.auth"
167-->[com.google.firebase:firebase-auth:22.1.2] AndroidManifest.xml:42:21-49
168                    android:path="/"
168-->[com.google.firebase:firebase-auth:22.1.2] AndroidManifest.xml:43:21-37
169                    android:scheme="recaptcha" />
169-->[com.google.firebase:firebase-auth:22.1.2] AndroidManifest.xml:44:21-48
170            </intent-filter>
171        </activity>
172
173        <uses-library
173-->[androidx.window:window:1.0.0-beta04] AndroidManifest.xml:25:9-27:40
174            android:name="androidx.window.extensions"
174-->[androidx.window:window:1.0.0-beta04] AndroidManifest.xml:26:13-54
175            android:required="false" />
175-->[androidx.window:window:1.0.0-beta04] AndroidManifest.xml:27:13-37
176        <uses-library
176-->[androidx.window:window:1.0.0-beta04] AndroidManifest.xml:28:9-30:40
177            android:name="androidx.window.sidecar"
177-->[androidx.window:window:1.0.0-beta04] AndroidManifest.xml:29:13-51
178            android:required="false" />
178-->[androidx.window:window:1.0.0-beta04] AndroidManifest.xml:30:13-37
179
180        <activity
180-->[com.google.android.gms:play-services-auth:20.6.0] AndroidManifest.xml:23:9-27:75
181            android:name="com.google.android.gms.auth.api.signin.internal.SignInHubActivity"
181-->[com.google.android.gms:play-services-auth:20.6.0] AndroidManifest.xml:24:13-93
182            android:excludeFromRecents="true"
182-->[com.google.android.gms:play-services-auth:20.6.0] AndroidManifest.xml:25:13-46
183            android:exported="false"
183-->[com.google.android.gms:play-services-auth:20.6.0] AndroidManifest.xml:26:13-37
184            android:theme="@android:style/Theme.Translucent.NoTitleBar" />
184-->[com.google.android.gms:play-services-auth:20.6.0] AndroidManifest.xml:27:13-72
185        <!--
186            Service handling Google Sign-In user revocation. For apps that do not integrate with
187            Google Sign-In, this service will never be started.
188        -->
189        <service
189-->[com.google.android.gms:play-services-auth:20.6.0] AndroidManifest.xml:33:9-37:51
190            android:name="com.google.android.gms.auth.api.signin.RevocationBoundService"
190-->[com.google.android.gms:play-services-auth:20.6.0] AndroidManifest.xml:34:13-89
191            android:exported="true"
191-->[com.google.android.gms:play-services-auth:20.6.0] AndroidManifest.xml:35:13-36
192            android:permission="com.google.android.gms.auth.api.signin.permission.REVOCATION_NOTIFICATION"
192-->[com.google.android.gms:play-services-auth:20.6.0] AndroidManifest.xml:36:13-107
193            android:visibleToInstantApps="true" />
193-->[com.google.android.gms:play-services-auth:20.6.0] AndroidManifest.xml:37:13-48
194
195        <activity
195-->[com.facebook.android:facebook-common:14.1.1] AndroidManifest.xml:34:9-37:66
196            android:name="com.facebook.FacebookActivity"
196-->[com.facebook.android:facebook-common:14.1.1] AndroidManifest.xml:35:13-57
197            android:configChanges="keyboard|keyboardHidden|screenLayout|screenSize|orientation"
197-->[com.facebook.android:facebook-common:14.1.1] AndroidManifest.xml:36:13-96
198            android:theme="@style/com_facebook_activity_theme" />
198-->[com.facebook.android:facebook-common:14.1.1] AndroidManifest.xml:37:13-63
199        <activity android:name="com.facebook.CustomTabMainActivity" />
199-->[com.facebook.android:facebook-common:14.1.1] AndroidManifest.xml:38:9-71
199-->[com.facebook.android:facebook-common:14.1.1] AndroidManifest.xml:38:19-68
200        <activity
200-->[com.facebook.android:facebook-common:14.1.1] AndroidManifest.xml:39:9-53:20
201            android:name="com.facebook.CustomTabActivity"
201-->[com.facebook.android:facebook-common:14.1.1] AndroidManifest.xml:40:13-58
202            android:exported="true" >
202-->[com.facebook.android:facebook-common:14.1.1] AndroidManifest.xml:41:13-36
203            <intent-filter>
203-->[com.facebook.android:facebook-common:14.1.1] AndroidManifest.xml:43:13-52:29
204                <action android:name="android.intent.action.VIEW" />
204-->[com.google.firebase:firebase-auth:22.1.2] AndroidManifest.xml:36:17-69
204-->[com.google.firebase:firebase-auth:22.1.2] AndroidManifest.xml:36:25-66
205
206                <category android:name="android.intent.category.DEFAULT" />
206-->[com.google.firebase:firebase-auth:22.1.2] AndroidManifest.xml:38:17-76
206-->[com.google.firebase:firebase-auth:22.1.2] AndroidManifest.xml:38:27-73
207                <category android:name="android.intent.category.BROWSABLE" />
207-->[com.google.firebase:firebase-auth:22.1.2] AndroidManifest.xml:39:17-78
207-->[com.google.firebase:firebase-auth:22.1.2] AndroidManifest.xml:39:27-75
208
209                <data
209-->[com.google.firebase:firebase-auth:22.1.2] AndroidManifest.xml:41:17-44:51
210                    android:host="cct.SSP01.student_kids"
210-->[com.google.firebase:firebase-auth:22.1.2] AndroidManifest.xml:42:21-49
211                    android:scheme="fbconnect" />
211-->[com.google.firebase:firebase-auth:22.1.2] AndroidManifest.xml:44:21-48
212            </intent-filter>
213        </activity>
214
215        <provider
215-->[com.google.firebase:firebase-common:20.3.3] AndroidManifest.xml:25:9-30:39
216            android:name="com.google.firebase.provider.FirebaseInitProvider"
216-->[com.google.firebase:firebase-common:20.3.3] AndroidManifest.xml:26:13-77
217            android:authorities="SSP01.student_kids.firebaseinitprovider"
217-->[com.google.firebase:firebase-common:20.3.3] AndroidManifest.xml:27:13-72
218            android:directBootAware="true"
218-->[com.google.firebase:firebase-common:20.3.3] AndroidManifest.xml:28:13-43
219            android:exported="false"
219-->[com.google.firebase:firebase-common:20.3.3] AndroidManifest.xml:29:13-37
220            android:initOrder="100" />
220-->[com.google.firebase:firebase-common:20.3.3] AndroidManifest.xml:30:13-36
221
222        <activity
222-->[com.google.android.gms:play-services-base:18.1.0] AndroidManifest.xml:20:9-22:45
223            android:name="com.google.android.gms.common.api.GoogleApiActivity"
223-->[com.google.android.gms:play-services-base:18.1.0] AndroidManifest.xml:20:19-85
224            android:exported="false"
224-->[com.google.android.gms:play-services-base:18.1.0] AndroidManifest.xml:22:19-43
225            android:theme="@android:style/Theme.Translucent.NoTitleBar" />
225-->[com.google.android.gms:play-services-base:18.1.0] AndroidManifest.xml:21:19-78
226
227        <meta-data
227-->[com.google.android.gms:play-services-basement:18.2.0] AndroidManifest.xml:21:9-23:69
228            android:name="com.google.android.gms.version"
228-->[com.google.android.gms:play-services-basement:18.2.0] AndroidManifest.xml:22:13-58
229            android:value="@integer/google_play_services_version" />
229-->[com.google.android.gms:play-services-basement:18.2.0] AndroidManifest.xml:23:13-66
230        <!--
231         The initialization ContentProvider will call FacebookSdk.sdkInitialize automatically
232         with the application context. This config is merged in with the host app's manifest,
233         but there can only be one provider with the same authority activated at any given
234         point; so if the end user has two or more different apps that use Facebook SDK, only the
235         first one will be able to use the provider. To work around this problem, we use the
236         following placeholder in the authority to identify each host application as if it was
237         a completely different provider.
238        -->
239        <provider
239-->[com.facebook.android:facebook-core:14.1.1] AndroidManifest.xml:41:9-44:40
240            android:name="com.facebook.internal.FacebookInitProvider"
240-->[com.facebook.android:facebook-core:14.1.1] AndroidManifest.xml:42:13-70
241            android:authorities="SSP01.student_kids.FacebookInitProvider"
241-->[com.facebook.android:facebook-core:14.1.1] AndroidManifest.xml:43:13-72
242            android:exported="false" />
242-->[com.facebook.android:facebook-core:14.1.1] AndroidManifest.xml:44:13-37
243
244        <receiver
244-->[com.facebook.android:facebook-core:14.1.1] AndroidManifest.xml:46:9-52:20
245            android:name="com.facebook.CurrentAccessTokenExpirationBroadcastReceiver"
245-->[com.facebook.android:facebook-core:14.1.1] AndroidManifest.xml:47:13-86
246            android:exported="false" >
246-->[com.facebook.android:facebook-core:14.1.1] AndroidManifest.xml:48:13-37
247            <intent-filter>
247-->[com.facebook.android:facebook-core:14.1.1] AndroidManifest.xml:49:13-51:29
248                <action android:name="com.facebook.sdk.ACTION_CURRENT_ACCESS_TOKEN_CHANGED" />
248-->[com.facebook.android:facebook-core:14.1.1] AndroidManifest.xml:50:17-95
248-->[com.facebook.android:facebook-core:14.1.1] AndroidManifest.xml:50:25-92
249            </intent-filter>
250        </receiver>
251        <receiver
251-->[com.facebook.android:facebook-core:14.1.1] AndroidManifest.xml:53:9-59:20
252            android:name="com.facebook.AuthenticationTokenManager$CurrentAuthenticationTokenChangedBroadcastReceiver"
252-->[com.facebook.android:facebook-core:14.1.1] AndroidManifest.xml:54:13-118
253            android:exported="false" >
253-->[com.facebook.android:facebook-core:14.1.1] AndroidManifest.xml:55:13-37
254            <intent-filter>
254-->[com.facebook.android:facebook-core:14.1.1] AndroidManifest.xml:56:13-58:29
255                <action android:name="com.facebook.sdk.ACTION_CURRENT_AUTHENTICATION_TOKEN_CHANGED" />
255-->[com.facebook.android:facebook-core:14.1.1] AndroidManifest.xml:57:17-103
255-->[com.facebook.android:facebook-core:14.1.1] AndroidManifest.xml:57:25-100
256            </intent-filter>
257        </receiver>
258
259        <provider
259-->[androidx.emoji2:emoji2:1.2.0] AndroidManifest.xml:24:9-32:20
260            android:name="androidx.startup.InitializationProvider"
260-->[androidx.emoji2:emoji2:1.2.0] AndroidManifest.xml:25:13-67
261            android:authorities="SSP01.student_kids.androidx-startup"
261-->[androidx.emoji2:emoji2:1.2.0] AndroidManifest.xml:26:13-68
262            android:exported="false" >
262-->[androidx.emoji2:emoji2:1.2.0] AndroidManifest.xml:27:13-37
263            <meta-data
263-->[androidx.emoji2:emoji2:1.2.0] AndroidManifest.xml:29:13-31:52
264                android:name="androidx.emoji2.text.EmojiCompatInitializer"
264-->[androidx.emoji2:emoji2:1.2.0] AndroidManifest.xml:30:17-75
265                android:value="androidx.startup" />
265-->[androidx.emoji2:emoji2:1.2.0] AndroidManifest.xml:31:17-49
266            <meta-data
266-->[androidx.lifecycle:lifecycle-process:2.4.1] AndroidManifest.xml:31:13-33:52
267                android:name="androidx.lifecycle.ProcessLifecycleInitializer"
267-->[androidx.lifecycle:lifecycle-process:2.4.1] AndroidManifest.xml:32:17-78
268                android:value="androidx.startup" />
268-->[androidx.lifecycle:lifecycle-process:2.4.1] AndroidManifest.xml:33:17-49
269        </provider>
270    </application>
271
272</manifest>